# JRE version: OpenJDK Runtime Environment (8.0_202-b03) (build 1.8.0_202-release-1483-b03)
# Java VM: OpenJDK 64-Bit Server VM (25.202-b03 mixed mode windows-amd64 compressed oops)
Heap:
 PSYoungGen      total 188928K, used 40999K [0x00000000eab00000, 0x00000000f9480000, 0x0000000100000000)
  eden space 169984K, 15% used [0x00000000eab00000,0x00000000ec4b10f8,0x00000000f5100000)
  from space 18944K, 77% used [0x00000000f5100000,0x00000000f5f58e88,0x00000000f6380000)
  to   space 19968K, 0% used [0x00000000f8100000,0x00000000f8100000,0x00000000f9480000)
 ParOldGen       total 91136K, used 32491K [0x00000000c0000000, 0x00000000c5900000, 0x00000000eab00000)
  object space 91136K, 35% used [0x00000000c0000000,0x00000000c1fbae88,0x00000000c5900000)
 Metaspace       used 65695K, capacity 68392K, committed 68736K, reserved 1107968K
  class space    used 8927K, capacity 9477K, committed 9600K, reserved 1048576K
GC Heap History (10 events):
Event: 11.580 GC heap before
{Heap before GC invocations=12 (full 2):
 PSYoungGen      total 117760K, used 105645K [0x00000000eab00000, 0x00000000f5500000, 0x0000000100000000)
  eden space 106496K, 99% used [0x00000000eab00000,0x00000000f122b760,0x00000000f1300000)
  from space 11264K, 0% used [0x00000000f1300000,0x00000000f1300000,0x00000000f1e00000)
  to   space 12288K, 0% used [0x00000000f4900000,0x00000000f4900000,0x00000000f5500000)
 ParOldGen       total 91136K, used 17384K [0x00000000c0000000, 0x00000000c5900000, 0x00000000eab00000)
  object space 91136K, 19% used [0x00000000c0000000,0x00000000c10fa188,0x00000000c5900000)
 Metaspace       used 44653K, capacity 45890K, committed 46080K, reserved 1089536K
  class space    used 6040K, capacity 6314K, committed 6400K, reserved 1048576K
Event: 11.610 GC heap after
Heap after GC invocations=12 (full 2):
 PSYoungGen      total 146944K, used 12286K [0x00000000eab00000, 0x00000000f5500000, 0x0000000100000000)
  eden space 134656K, 0% used [0x00000000eab00000,0x00000000eab00000,0x00000000f2e80000)
  from space 12288K, 99% used [0x00000000f4900000,0x00000000f54ffb48,0x00000000f5500000)
  to   space 14336K, 0% used [0x00000000f3900000,0x00000000f3900000,0x00000000f4700000)
 ParOldGen       total 91136K, used 19967K [0x00000000c0000000, 0x00000000c5900000, 0x00000000eab00000)
  object space 91136K, 21% used [0x00000000c0000000,0x00000000c137ff28,0x00000000c5900000)
 Metaspace       used 44653K, capacity 45890K, committed 46080K, reserved 1089536K
  class space    used 6040K, capacity 6314K, committed 6400K, reserved 1048576K
}
Event: 14.398 GC heap before
{Heap before GC invocations=13 (full 2):
 PSYoungGen      total 146944K, used 146942K [0x00000000eab00000, 0x00000000f5500000, 0x0000000100000000)
  eden space 134656K, 100% used [0x00000000eab00000,0x00000000f2e80000,0x00000000f2e80000)
  from space 12288K, 99% used [0x00000000f4900000,0x00000000f54ffb48,0x00000000f5500000)
  to   space 14336K, 0% used [0x00000000f3900000,0x00000000f3900000,0x00000000f4700000)
 ParOldGen       total 91136K, used 19967K [0x00000000c0000000, 0x00000000c5900000, 0x00000000eab00000)
  object space 91136K, 21% used [0x00000000c0000000,0x00000000c137ff28,0x00000000c5900000)
 Metaspace       used 54722K, capacity 56594K, committed 56832K, reserved 1097728K
  class space    used 7451K, capacity 7832K, committed 7936K, reserved 1048576K
Event: 14.457 GC heap after
Heap after GC invocations=13 (full 2):
 PSYoungGen      total 159744K, used 14317K [0x00000000eab00000, 0x00000000f7600000, 0x0000000100000000)
  eden space 145408K, 0% used [0x00000000eab00000,0x00000000eab00000,0x00000000f3900000)
  from space 14336K, 99% used [0x00000000f3900000,0x00000000f46fb6c0,0x00000000f4700000)
  to   space 18944K, 0% used [0x00000000f6380000,0x00000000f6380000,0x00000000f7600000)
 ParOldGen       total 91136K, used 27062K [0x00000000c0000000, 0x00000000c5900000, 0x00000000eab00000)
  object space 91136K, 29% used [0x00000000c0000000,0x00000000c1a6d8d0,0x00000000c5900000)
 Metaspace       used 54722K, capacity 56594K, committed 56832K, reserved 1097728K
  class space    used 7451K, capacity 7832K, committed 7936K, reserved 1048576K
}
Event: 15.643 GC heap before
{Heap before GC invocations=14 (full 2):
 PSYoungGen      total 159744K, used 73801K [0x00000000eab00000, 0x00000000f7600000, 0x0000000100000000)
  eden space 145408K, 40% used [0x00000000eab00000,0x00000000ee516d88,0x00000000f3900000)
  from space 14336K, 99% used [0x00000000f3900000,0x00000000f46fb6c0,0x00000000f4700000)
  to   space 18944K, 0% used [0x00000000f6380000,0x00000000f6380000,0x00000000f7600000)
 ParOldGen       total 91136K, used 27062K [0x00000000c0000000, 0x00000000c5900000, 0x00000000eab00000)
  object space 91136K, 29% used [0x00000000c0000000,0x00000000c1a6d8d0,0x00000000c5900000)
 Metaspace       used 57054K, capacity 58960K, committed 59096K, reserved 1099776K
  class space    used 7789K, capacity 8232K, committed 8320K, reserved 1048576K
Event: 15.683 GC heap after
Heap after GC invocations=14 (full 2):
 PSYoungGen      total 188928K, used 4060K [0x00000000eab00000, 0x00000000f8680000, 0x0000000100000000)
  eden space 169984K, 0% used [0x00000000eab00000,0x00000000eab00000,0x00000000f5100000)
  from space 18944K, 21% used [0x00000000f6380000,0x00000000f6777078,0x00000000f7600000)
  to   space 18944K, 0% used [0x00000000f5100000,0x00000000f5100000,0x00000000f6380000)
 ParOldGen       total 91136K, used 33882K [0x00000000c0000000, 0x00000000c5900000, 0x00000000eab00000)
  object space 91136K, 37% used [0x00000000c0000000,0x00000000c21168e8,0x00000000c5900000)
 Metaspace       used 57054K, capacity 58960K, committed 59096K, reserved 1099776K
  class space    used 7789K, capacity 8232K, committed 8320K, reserved 1048576K
}
Event: 15.683 GC heap before
{Heap before GC invocations=15 (full 3):
 PSYoungGen      total 188928K, used 4060K [0x00000000eab00000, 0x00000000f8680000, 0x0000000100000000)
  eden space 169984K, 0% used [0x00000000eab00000,0x00000000eab00000,0x00000000f5100000)
  from space 18944K, 21% used [0x00000000f6380000,0x00000000f6777078,0x00000000f7600000)
  to   space 18944K, 0% used [0x00000000f5100000,0x00000000f5100000,0x00000000f6380000)
 ParOldGen       total 91136K, used 33882K [0x00000000c0000000, 0x00000000c5900000, 0x00000000eab00000)
  object space 91136K, 37% used [0x00000000c0000000,0x00000000c21168e8,0x00000000c5900000)
 Metaspace       used 57054K, capacity 58960K, committed 59096K, reserved 1099776K
  class space    used 7789K, capacity 8232K, committed 8320K, reserved 1048576K
Event: 16.318 GC heap after
Heap after GC invocations=15 (full 3):
 PSYoungGen      total 188928K, used 0K [0x00000000eab00000, 0x00000000f8680000, 0x0000000100000000)
  eden space 169984K, 0% used [0x00000000eab00000,0x00000000eab00000,0x00000000f5100000)
  from space 18944K, 0% used [0x00000000f6380000,0x00000000f6380000,0x00000000f7600000)
  to   space 18944K, 0% used [0x00000000f5100000,0x00000000f5100000,0x00000000f6380000)
 ParOldGen       total 91136K, used 32483K [0x00000000c0000000, 0x00000000c5900000, 0x00000000eab00000)
  object space 91136K, 35% used [0x00000000c0000000,0x00000000c1fb8e88,0x00000000c5900000)
 Metaspace       used 57049K, capacity 58942K, committed 59096K, reserved 1099776K
  class space    used 7788K, capacity 8229K, committed 8320K, reserved 1048576K
}
Event: 22.099 GC heap before
{Heap before GC invocations=16 (full 3):
 PSYoungGen      total 188928K, used 169984K [0x00000000eab00000, 0x00000000f8680000, 0x0000000100000000)
  eden space 169984K, 100% used [0x00000000eab00000,0x00000000f5100000,0x00000000f5100000)
  from space 18944K, 0% used [0x00000000f6380000,0x00000000f6380000,0x00000000f7600000)
  to   space 18944K, 0% used [0x00000000f5100000,0x00000000f5100000,0x00000000f6380000)
 ParOldGen       total 91136K, used 32483K [0x00000000c0000000, 0x00000000c5900000, 0x00000000eab00000)
  object space 91136K, 35% used [0x00000000c0000000,0x00000000c1fb8e88,0x00000000c5900000)
 Metaspace       used 64574K, capacity 67202K, committed 67456K, reserved 1107968K
  class space    used 8814K, capacity 9340K, committed 9344K, reserved 1048576K
Event: 22.131 GC heap after
Heap after GC invocations=16 (full 3):
 PSYoungGen      total 188928K, used 14691K [0x00000000eab00000, 0x00000000f9480000, 0x0000000100000000)
  eden space 169984K, 0% used [0x00000000eab00000,0x00000000eab00000,0x00000000f5100000)
  from space 18944K, 77% used [0x00000000f5100000,0x00000000f5f58e88,0x00000000f6380000)
  to   space 19968K, 0% used [0x00000000f8100000,0x00000000f8100000,0x00000000f9480000)
 ParOldGen       total 91136K, used 32491K [0x00000000c0000000, 0x00000000c5900000, 0x00000000eab00000)
  object space 91136K, 35% used [0x00000000c0000000,0x00000000c1fbae88,0x00000000c5900000)
 Metaspace       used 64574K, capacity 67202K, committed 67456K, reserved 1107968K
  class space    used 8814K, capacity 9340K, committed 9344K, reserved 1048576K
}

